<?xml version="1.0" encoding="UTF-8"?>
<!-- Generated by org.testng.reporters.JUnitXMLReporter -->
<testsuite ignored="5" hostname="DESKTOP-KJC6B92" failures="0" tests="3" name="Test" time="0.09" errors="0" timestamp="2024-05-20T08:54:27 IST">
  <testcase classname="pack1.GroupingOfTcs2" name="m6" time="0.01"/>
  <testcase classname="pack1.GroupingOfTcs" name="m3" time="0.003"/>
  <testcase classname="pack1.GroupingOfTcs" name="m4" time="0.004"/>
  <testcase classname="pack1.GroupingOfTcs2" name="m7" time="0.0">
    <ignored/>
  </testcase> <!-- m7 -->
  <testcase classname="pack1.GroupingOfTcs2" name="m5" time="0.0">
    <ignored/>
  </testcase> <!-- m5 -->
  <testcase classname="pack1.GroupingOfTcs2" name="m8" time="0.0">
    <ignored/>
  </testcase> <!-- m8 -->
  <testcase classname="pack1.GroupingOfTcs" name="m2" time="0.0">
    <ignored/>
  </testcase> <!-- m2 -->
  <testcase classname="pack1.GroupingOfTcs" name="m1" time="0.0">
    <ignored/>
  </testcase> <!-- m1 -->
</testsuite> <!-- Test -->
