<?xml version="1.0" encoding="UTF-8"?>
<testng-results ignored="2" total="4" passed="2" failed="0" skipped="0">
  <reporter-output>
  </reporter-output>
  <suite started-at="2024-05-31T08:37:29 IST" name="Suite" finished-at="2024-05-31T08:37:41 IST" duration-ms="12183">
    <groups>
    </groups>
    <test started-at="2024-05-31T08:37:29 IST" name="Test" finished-at="2024-05-31T08:37:41 IST" duration-ms="12183">
      <class name="testSuites.EditAddressTestSuite">
        <test-method is-config="true" signature="tc_124_LoginTest()[pri:0, instance:testSuites.EditAddressTestSuite@6fe7aac8]" started-at="2024-05-31T08:37:34 IST" name="tc_124_LoginTest" finished-at="2024-05-31T08:37:34 IST" duration-ms="1" status="PASS">
          <reporter-output>
          </reporter-output>
        </test-method> <!-- tc_124_LoginTest -->
        <test-method signature="tc_1245_editAddressTest()[pri:0, instance:testSuites.EditAddressTestSuite@6fe7aac8]" started-at="2024-05-31T08:37:34 IST" name="tc_1245_editAddressTest" finished-at="2024-05-31T08:37:39 IST" duration-ms="4775" status="PASS">
          <reporter-output>
          </reporter-output>
        </test-method> <!-- tc_1245_editAddressTest -->
        <test-method is-config="true" signature="tc_125_LogoutTest()[pri:0, instance:testSuites.EditAddressTestSuite@6fe7aac8]" started-at="2024-05-31T08:37:39 IST" name="tc_125_LogoutTest" finished-at="2024-05-31T08:37:41 IST" duration-ms="1529" status="PASS">
          <reporter-output>
          </reporter-output>
        </test-method> <!-- tc_125_LogoutTest -->
      </class> <!-- testSuites.EditAddressTestSuite -->
      <class name="testSuites.EditAccountTestSuite">
        <test-method is-config="true" signature="initBrowser()[pri:0, instance:testSuites.EditAccountTestSuite@1c93084c]" started-at="2024-05-31T08:37:20 IST" name="initBrowser" finished-at="2024-05-31T08:37:29 IST" duration-ms="8811" status="PASS">
          <reporter-output>
          </reporter-output>
        </test-method> <!-- initBrowser -->
        <test-method signature="tc_124_editAccountTest()[pri:0, instance:testSuites.EditAccountTestSuite@1c93084c]" started-at="2024-05-31T08:37:29 IST" name="tc_124_editAccountTest" finished-at="2024-05-31T08:37:33 IST" duration-ms="4203" status="PASS">
          <reporter-output>
          </reporter-output>
        </test-method> <!-- tc_124_editAccountTest -->
        <test-method is-config="true" signature="tc_124_LoginTest()[pri:0, instance:testSuites.EditAccountTestSuite@1c93084c]" started-at="2024-05-31T08:37:29 IST" name="tc_124_LoginTest" finished-at="2024-05-31T08:37:29 IST" duration-ms="0" status="PASS">
          <reporter-output>
          </reporter-output>
        </test-method> <!-- tc_124_LoginTest -->
        <test-method is-config="true" signature="tc_125_LogoutTest()[pri:0, instance:testSuites.EditAccountTestSuite@1c93084c]" started-at="2024-05-31T08:37:33 IST" name="tc_125_LogoutTest" finished-at="2024-05-31T08:37:34 IST" duration-ms="1617" status="PASS">
          <reporter-output>
          </reporter-output>
        </test-method> <!-- tc_125_LogoutTest -->
        <test-method is-config="true" signature="closeBrowser()[pri:0, instance:testSuites.EditAccountTestSuite@1c93084c]" started-at="2024-05-31T08:37:41 IST" name="closeBrowser" finished-at="2024-05-31T08:37:42 IST" duration-ms="1403" status="PASS">
          <reporter-output>
          </reporter-output>
        </test-method> <!-- closeBrowser -->
      </class> <!-- testSuites.EditAccountTestSuite -->
    </test> <!-- Test -->
  </suite> <!-- Suite -->
</testng-results>
