<?xml version="1.0" encoding="UTF-8"?>
<testsuite xmlns:xsi="http://www.w3.org/2001/XMLSchema-instance" xsi:noNamespaceSchemaLocation="https://maven.apache.org/surefire/maven-surefire-plugin/xsd/surefire-test-report-3.0.xsd" version="3.0" name="TestSuite" time="23.778" tests="2" errors="0" skipped="0" failures="0">
  <properties>
[...]
</properties>
  <testcase name="tc_124_editAccountTest" classname="testSuites.EditAccountTestSuite" time="4.204">
    <system-out><![CDATA[onStart
onTestStart : tc_124_editAccountTest
]]></system-out>
    <system-err><![CDATA[May 31, 2024 8:37:25 AM org.openqa.selenium.devtools.CdpVersionFinder findNearestMatch
WARNING: Unable to find an exact match for CDP version 125, returning the closest version; found: 123; Please update to a Selenium version that supports CDP version 125
]]></system-err>
  </testcase>
  <testcase name="tc_1245_editAddressTest" classname="testSuites.EditAddressTestSuite" time="4.775">
    <system-out><![CDATA[onTestSuccess : tc_124_editAccountTest
onTestStart : tc_1245_editAddressTest
Account address successfully updated.
Perfomed Edit Address test successfully.
]]></system-out>
  </testcase>
</testsuite>