<?xml version="1.0" encoding="UTF-8"?>
<!-- Generated by org.testng.reporters.JUnitXMLReporter -->
<testsuite ignored="1" hostname="DESKTOP-KJC6B92" failures="0" tests="5" name="Morning Batch-Test1" time="0.122" errors="0" timestamp="2024-05-16T08:58:34 IST">
  <testcase classname="pack1.TestClass2" name="m5" time="0.008"/>
  <testcase classname="pack1.TestClass2" name="m6" time="0.006"/>
  <testcase classname="pack1.TestClass1" name="m1" time="0.003"/>
  <testcase classname="pack1.TestClass1" name="m4" time="0.004"/>
  <testcase classname="pack1.TestClass1" name="m3" time="0.005"/>
  <testcase classname="pack1.TestClass1" name="m2" time="0.0">
    <ignored/>
  </testcase> <!-- m2 -->
</testsuite> <!-- Morning Batch-Test1 -->
