<?xml version="1.0" encoding="UTF-8"?>
<testng-results ignored="0" total="1" passed="1" failed="0" skipped="0">
  <reporter-output>
  </reporter-output>
  <suite started-at="2024-05-24T08:58:18 IST" name="Default suite" finished-at="2024-05-24T08:58:19 IST" duration-ms="1356">
    <groups>
    </groups>
    <test started-at="2024-05-24T08:58:18 IST" name="Default test" finished-at="2024-05-24T08:58:19 IST" duration-ms="1356">
      <class name="testSuites.LoginTestSuite">
        <test-method is-config="true" signature="initBrowser()[pri:0, instance:testSuites.LoginTestSuite@32ee6fee]" started-at="2024-05-24T08:58:13 IST" name="initBrowser" finished-at="2024-05-24T08:58:18 IST" duration-ms="4202" status="PASS">
          <reporter-output>
          </reporter-output>
        </test-method> <!-- initBrowser -->
        <test-method signature="tc_124_LoginTest()[pri:0, instance:testSuites.LoginTestSuite@32ee6fee]" started-at="2024-05-24T08:58:18 IST" name="tc_124_LoginTest" finished-at="2024-05-24T08:58:19 IST" duration-ms="1314" status="PASS">
          <reporter-output>
          </reporter-output>
        </test-method> <!-- tc_124_LoginTest -->
      </class> <!-- testSuites.LoginTestSuite -->
    </test> <!-- Default test -->
  </suite> <!-- Default suite -->
</testng-results>
