<?xml version="1.0" encoding="UTF-8"?>
<testng-results ignored="2" total="4" passed="2" failed="0" skipped="0">
  <reporter-output>
  </reporter-output>
  <suite started-at="2024-05-28T09:06:36 IST" name="Suite" finished-at="2024-05-28T09:06:45 IST" duration-ms="8713">
    <groups>
    </groups>
    <test started-at="2024-05-28T09:06:36 IST" name="Test" finished-at="2024-05-28T09:06:45 IST" duration-ms="8713">
      <class name="testSuites.EditAddressTestSuite">
        <test-method is-config="true" signature="tc_124_LoginTest()[pri:0, instance:testSuites.EditAddressTestSuite@2b91004a]" started-at="2024-05-28T09:06:41 IST" name="tc_124_LoginTest" finished-at="2024-05-28T09:06:42 IST" duration-ms="1530" status="PASS">
          <reporter-output>
          </reporter-output>
        </test-method> <!-- tc_124_LoginTest -->
        <test-method signature="tc_1245_editAddressTest()[pri:0, instance:testSuites.EditAddressTestSuite@2b91004a]" started-at="2024-05-28T09:06:42 IST" name="tc_1245_editAddressTest" finished-at="2024-05-28T09:06:44 IST" duration-ms="2089" status="PASS">
          <reporter-output>
          </reporter-output>
        </test-method> <!-- tc_1245_editAddressTest -->
        <test-method is-config="true" signature="tc_125_LogoutTest()[pri:0, instance:testSuites.EditAddressTestSuite@2b91004a]" started-at="2024-05-28T09:06:44 IST" name="tc_125_LogoutTest" finished-at="2024-05-28T09:06:45 IST" duration-ms="749" status="PASS">
          <reporter-output>
          </reporter-output>
        </test-method> <!-- tc_125_LogoutTest -->
      </class> <!-- testSuites.EditAddressTestSuite -->
      <class name="testSuites.EditAccountTestSuite">
        <test-method is-config="true" signature="initBrowser()[pri:0, instance:testSuites.EditAccountTestSuite@3232a28a]" started-at="2024-05-28T09:06:32 IST" name="initBrowser" finished-at="2024-05-28T09:06:36 IST" duration-ms="4618" status="PASS">
          <reporter-output>
          </reporter-output>
        </test-method> <!-- initBrowser -->
        <test-method is-config="true" signature="tc_124_LoginTest()[pri:0, instance:testSuites.EditAccountTestSuite@3232a28a]" started-at="2024-05-28T09:06:37 IST" name="tc_124_LoginTest" finished-at="2024-05-28T09:06:38 IST" duration-ms="1885" status="PASS">
          <reporter-output>
          </reporter-output>
        </test-method> <!-- tc_124_LoginTest -->
        <test-method signature="tc_124_editAccountTest()[pri:0, instance:testSuites.EditAccountTestSuite@3232a28a]" started-at="2024-05-28T09:06:38 IST" name="tc_124_editAccountTest" finished-at="2024-05-28T09:06:40 IST" duration-ms="1635" status="PASS">
          <reporter-output>
          </reporter-output>
        </test-method> <!-- tc_124_editAccountTest -->
        <test-method is-config="true" signature="tc_125_LogoutTest()[pri:0, instance:testSuites.EditAccountTestSuite@3232a28a]" started-at="2024-05-28T09:06:40 IST" name="tc_125_LogoutTest" finished-at="2024-05-28T09:06:41 IST" duration-ms="777" status="PASS">
          <reporter-output>
          </reporter-output>
        </test-method> <!-- tc_125_LogoutTest -->
        <test-method is-config="true" signature="closeBrowser()[pri:0, instance:testSuites.EditAccountTestSuite@3232a28a]" started-at="2024-05-28T09:06:45 IST" name="closeBrowser" finished-at="2024-05-28T09:06:46 IST" duration-ms="274" status="PASS">
          <reporter-output>
          </reporter-output>
        </test-method> <!-- closeBrowser -->
      </class> <!-- testSuites.EditAccountTestSuite -->
    </test> <!-- Test -->
  </suite> <!-- Suite -->
</testng-results>
