<?xml version="1.0" encoding="UTF-8"?>
<!-- Generated by org.testng.reporters.JUnitXMLReporter -->
<testsuite ignored="3" hostname="DESKTOP-KJC6B92" failures="3" tests="3" name="Default test(failed)(failed)" time="0.072" errors="0" timestamp="2024-05-20T08:09:37 IST">
  <testcase classname="pack1.Assertions" name="m10" time="0.013">
    <failure type="java.lang.AssertionError" message="Test case is failed. expected [true] but found [false]">
      <![CDATA[java.lang.AssertionError: Test case is failed. expected [true] but found [false]
at pack1.Assertions.m10(Assertions.java:52)
at java.base/java.util.ArrayList.forEach(ArrayList.java:1511)
... Removed 30 stack frames]]>
    </failure>
  </testcase> <!-- m10 -->
  <testcase classname="pack1.Assertions" name="m12" time="0.001">
    <failure type="java.lang.AssertionError" message="did not expect [abc] but found [abc]">
      <![CDATA[java.lang.AssertionError: did not expect [abc] but found [abc]
at pack1.Assertions.m12(Assertions.java:71)
at java.base/java.util.ArrayList.forEach(ArrayList.java:1511)
... Removed 32 stack frames]]>
    </failure>
  </testcase> <!-- m12 -->
  <testcase classname="pack1.Assertions" name="m7" time="0.002">
    <failure type="java.lang.AssertionError" message="null">
      <![CDATA[java.lang.AssertionError: null
at pack1.Assertions.m7(Assertions.java:19)
at java.base/java.util.ArrayList.forEach(ArrayList.java:1511)
... Removed 29 stack frames]]>
    </failure>
  </testcase> <!-- m7 -->
  <testcase classname="pack1.Assertions" name="m9" time="0.0">
    <ignored/>
  </testcase> <!-- m9 -->
  <testcase classname="pack1.Assertions" name="m8" time="0.0">
    <ignored/>
  </testcase> <!-- m8 -->
  <testcase classname="pack1.Assertions" name="m11" time="0.0">
    <ignored/>
  </testcase> <!-- m11 -->
</testsuite> <!-- Default test(failed)(failed) -->
