<?xml version="1.0" encoding="UTF-8"?>
<testng-results ignored="5" total="8" passed="3" failed="0" skipped="0">
  <reporter-output>
    <line>
      <![CDATA[m2 test case.]]>
    </line>
    <line>
      <![CDATA[m3 test case.]]>
    </line>
    <line>
      <![CDATA[m4 test case.]]>
    </line>
  </reporter-output>
  <suite started-at="2024-05-20T08:54:27 IST" name="Suite" finished-at="2024-05-20T08:54:27 IST" duration-ms="90">
    <groups>
      <group name="Regression">
        <method signature="GroupingOfTcs.m3()[pri:3, instance:pack1.GroupingOfTcs@55536d9e]" name="m3" class="pack1.GroupingOfTcs"/>
        <method signature="GroupingOfTcs.m4()[pri:4, instance:pack1.GroupingOfTcs@55536d9e]" name="m4" class="pack1.GroupingOfTcs"/>
        <method signature="GroupingOfTcs2.m6()[pri:2, instance:pack1.GroupingOfTcs2@5fa07e12]" name="m6" class="pack1.GroupingOfTcs2"/>
      </group> <!-- Regression -->
    </groups>
    <test started-at="2024-05-20T08:54:27 IST" name="Test" finished-at="2024-05-20T08:54:27 IST" duration-ms="90">
      <class name="pack1.GroupingOfTcs">
        <test-method signature="m3()[pri:3, instance:pack1.GroupingOfTcs@55536d9e]" started-at="2024-05-20T08:54:27 IST" name="m3" finished-at="2024-05-20T08:54:27 IST" duration-ms="3" status="PASS">
          <reporter-output>
            <line>
              <![CDATA[m3 test case.]]>
            </line>
          </reporter-output>
        </test-method> <!-- m3 -->
        <test-method signature="m4()[pri:4, instance:pack1.GroupingOfTcs@55536d9e]" started-at="2024-05-20T08:54:27 IST" name="m4" finished-at="2024-05-20T08:54:27 IST" duration-ms="4" status="PASS">
          <reporter-output>
            <line>
              <![CDATA[m4 test case.]]>
            </line>
          </reporter-output>
        </test-method> <!-- m4 -->
      </class> <!-- pack1.GroupingOfTcs -->
      <class name="pack1.GroupingOfTcs2">
        <test-method signature="m6()[pri:2, instance:pack1.GroupingOfTcs2@5fa07e12]" started-at="2024-05-20T08:54:27 IST" name="m6" finished-at="2024-05-20T08:54:27 IST" duration-ms="10" status="PASS">
          <reporter-output>
            <line>
              <![CDATA[m2 test case.]]>
            </line>
          </reporter-output>
        </test-method> <!-- m6 -->
      </class> <!-- pack1.GroupingOfTcs2 -->
    </test> <!-- Test -->
  </suite> <!-- Suite -->
</testng-results>
