<?xml version="1.0" encoding="UTF-8"?>
<testng-results ignored="0" total="2" passed="2" failed="0" skipped="0">
  <reporter-output>
    <line>
      <![CDATA[m1 test case.]]>
    </line>
    <line>
      <![CDATA[m1 test case.]]>
    </line>
  </reporter-output>
  <suite started-at="2024-05-21T09:12:23 IST" name="Suite" finished-at="2024-05-21T09:12:23 IST" duration-ms="55">
    <groups>
    </groups>
    <test started-at="2024-05-21T09:12:23 IST" name="Test" finished-at="2024-05-21T09:12:23 IST" duration-ms="55">
      <class name="pack1.Parameters">
        <test-method signature="m1(java.lang.String,java.lang.String)[pri:1, instance:pack1.Parameters@1b6e1eff]" started-at="2024-05-21T09:12:23 IST" name="m1" finished-at="2024-05-21T09:12:23 IST" duration-ms="9" status="PASS">
          <params>
            <param index="0">
              <value>
                <![CDATA[CHROME]]>
              </value>
            </param>
            <param index="1">
              <value>
                <![CDATA[2024.2]]>
              </value>
            </param>
          </params>
          <reporter-output>
            <line>
              <![CDATA[m1 test case.]]>
            </line>
          </reporter-output>
        </test-method> <!-- m1 -->
        <test-method signature="m2(java.lang.String,java.lang.String)[pri:2, instance:pack1.Parameters@1b6e1eff]" started-at="2024-05-21T09:12:23 IST" name="m2" finished-at="2024-05-21T09:12:23 IST" duration-ms="1" status="PASS">
          <params>
            <param index="0">
              <value>
                <![CDATA[CHROME]]>
              </value>
            </param>
            <param index="1">
              <value>
                <![CDATA[2024.2]]>
              </value>
            </param>
          </params>
          <reporter-output>
            <line>
              <![CDATA[m1 test case.]]>
            </line>
          </reporter-output>
        </test-method> <!-- m2 -->
      </class> <!-- pack1.Parameters -->
    </test> <!-- Test -->
  </suite> <!-- Suite -->
</testng-results>
